Bharat Share/app/build/intermediates/manifest_merge_blame_file/debug/manifest-merger-blame-debug-report.txt
1<?xml version="1.0" encoding="utf-8"?>
2<manifest xmlns:android="http://schemas.android.com/apk/res/android"
3    package="com.vivek.bharatshare"
4    android:versionCode="1"
5    android:versionName="1.0" >
6
7    <uses-sdk
8        android:minSdkVersion="16"
8-->src\main\AndroidManifest.xml
9        android:targetSdkVersion="28" />
9-->src\main\AndroidManifest.xml
10
11    <uses-permission android:name="android.permission.ACCESS_WIFI_STATE" />
11-->src\main\AndroidManifest.xml:6:5-76
11-->src\main\AndroidManifest.xml:6:22-73
12    <uses-permission android:name="android.permission.ACCESS_NETWORK_STATE" />
12-->src\main\AndroidManifest.xml:7:5-79
12-->src\main\AndroidManifest.xml:7:22-76
13    <uses-permission android:name="android.permission.CHANGE_WIFI_STATE" />
13-->src\main\AndroidManifest.xml:8:5-76
13-->src\main\AndroidManifest.xml:8:22-73
14    <uses-permission android:name="android.permission.CHANGE_NETWORK_STATE" />
14-->src\main\AndroidManifest.xml:9:5-79
14-->src\main\AndroidManifest.xml:9:22-76
15    <uses-permission android:name="android.permission.INTERNET" />
15-->src\main\AndroidManifest.xml:10:5-67
15-->src\main\AndroidManifest.xml:10:22-64
16    <uses-permission android:name="android.permission.FOREGROUND_SERVICE" />
16-->src\main\AndroidManifest.xml:11:5-77
16-->src\main\AndroidManifest.xml:11:22-74
17    <uses-permission android:name="android.permission.READ_PHONE_STATE" />
17-->src\main\AndroidManifest.xml:12:5-75
17-->src\main\AndroidManifest.xml:12:22-72
18    <uses-permission android:name="android.permission.REQUEST_INSTALL_PACKAGES" />
18-->src\main\AndroidManifest.xml:13:5-83
18-->src\main\AndroidManifest.xml:13:22-80
19    <uses-permission android:name="android.permission.SYSTEM_ALERT_WINDOW" />
19-->src\main\AndroidManifest.xml:14:5-78
19-->src\main\AndroidManifest.xml:14:22-75
20    <uses-permission android:name="android.permission.WRITE_EXTERNAL_STORAGE" />
20-->src\main\AndroidManifest.xml:15:5-81
20-->src\main\AndroidManifest.xml:15:22-78
21    <uses-permission android:name="android.permission.WRITE_SETTINGS" />
21-->src\main\AndroidManifest.xml:16:5-17:47
21-->src\main\AndroidManifest.xml:16:22-70
22    <uses-permission android:name="android.permission.ACCESS_COARSE_LOCATION" />
22-->src\main\AndroidManifest.xml:18:5-81
22-->src\main\AndroidManifest.xml:18:22-78
23    <uses-permission android:name="android.permission.VIBRATE" />
23-->src\main\AndroidManifest.xml:19:5-66
23-->src\main\AndroidManifest.xml:19:22-63
24    <uses-permission android:name="android.permission.WAKE_LOCK" />
24-->src\main\AndroidManifest.xml:21:5-68
24-->src\main\AndroidManifest.xml:21:22-65
25
26    <!-- Create a unique permission for your app and use it so only your app can receive your OneSignal messages. -->
27    <permission
27-->[com.onesignal:OneSignal:3.12.7] AndroidManifest.xml:7:5-9:47
28        android:name="com.vivek.bharatshare.permission.C2D_MESSAGE"
28-->[com.onesignal:OneSignal:3.12.7] AndroidManifest.xml:8:9-63
29        android:protectionLevel="signature" />
29-->[com.onesignal:OneSignal:3.12.7] AndroidManifest.xml:9:9-44
30
31    <uses-permission android:name="com.vivek.bharatshare.permission.C2D_MESSAGE" />
31-->[com.onesignal:OneSignal:3.12.7] AndroidManifest.xml:11:5-79
31-->[com.onesignal:OneSignal:3.12.7] AndroidManifest.xml:11:22-76
32    <uses-permission android:name="com.google.android.c2dm.permission.RECEIVE" />
32-->[com.onesignal:OneSignal:3.12.7] AndroidManifest.xml:17:5-82
32-->[com.onesignal:OneSignal:3.12.7] AndroidManifest.xml:17:22-79
33    <!--
34 Use to restore notifications the user hasn't interacted with.
35         They could be missed notifications if the user reboots their device if this isn't in place.
36    -->
37    <uses-permission android:name="android.permission.RECEIVE_BOOT_COMPLETED" /> <!-- START: ShortcutBadger -->
37-->[com.onesignal:OneSignal:3.12.7] AndroidManifest.xml:29:5-81
37-->[com.onesignal:OneSignal:3.12.7] AndroidManifest.xml:29:22-78
38    <!-- Samsung -->
39    <uses-permission android:name="com.sec.android.provider.badge.permission.READ" />
39-->[com.onesignal:OneSignal:3.12.7] AndroidManifest.xml:31:5-86
39-->[com.onesignal:OneSignal:3.12.7] AndroidManifest.xml:31:22-83
40    <uses-permission android:name="com.sec.android.provider.badge.permission.WRITE" /> <!-- HTC -->
40-->[com.onesignal:OneSignal:3.12.7] AndroidManifest.xml:32:5-87
40-->[com.onesignal:OneSignal:3.12.7] AndroidManifest.xml:32:22-84
41    <uses-permission android:name="com.htc.launcher.permission.READ_SETTINGS" />
41-->[com.onesignal:OneSignal:3.12.7] AndroidManifest.xml:33:5-81
41-->[com.onesignal:OneSignal:3.12.7] AndroidManifest.xml:33:22-78
42    <uses-permission android:name="com.htc.launcher.permission.UPDATE_SHORTCUT" /> <!-- Sony -->
42-->[com.onesignal:OneSignal:3.12.7] AndroidManifest.xml:34:5-83
42-->[com.onesignal:OneSignal:3.12.7] AndroidManifest.xml:34:22-80
43    <uses-permission android:name="com.sonyericsson.home.permission.BROADCAST_BADGE" />
43-->[com.onesignal:OneSignal:3.12.7] AndroidManifest.xml:35:5-88
43-->[com.onesignal:OneSignal:3.12.7] AndroidManifest.xml:35:22-85
44    <uses-permission android:name="com.sonymobile.home.permission.PROVIDER_INSERT_BADGE" /> <!-- Apex -->
44-->[com.onesignal:OneSignal:3.12.7] AndroidManifest.xml:36:5-92
44-->[com.onesignal:OneSignal:3.12.7] AndroidManifest.xml:36:22-89
45    <uses-permission android:name="com.anddoes.launcher.permission.UPDATE_COUNT" /> <!-- Solid -->
45-->[com.onesignal:OneSignal:3.12.7] AndroidManifest.xml:37:5-84
45-->[com.onesignal:OneSignal:3.12.7] AndroidManifest.xml:37:22-81
46    <uses-permission android:name="com.majeur.launcher.permission.UPDATE_BADGE" /> <!-- Huawei -->
46-->[com.onesignal:OneSignal:3.12.7] AndroidManifest.xml:38:5-83
46-->[com.onesignal:OneSignal:3.12.7] AndroidManifest.xml:38:22-80
47    <uses-permission android:name="com.huawei.android.launcher.permission.CHANGE_BADGE" />
47-->[com.onesignal:OneSignal:3.12.7] AndroidManifest.xml:39:5-91
47-->[com.onesignal:OneSignal:3.12.7] AndroidManifest.xml:39:22-88
48    <uses-permission android:name="com.huawei.android.launcher.permission.READ_SETTINGS" />
48-->[com.onesignal:OneSignal:3.12.7] AndroidManifest.xml:40:5-92
48-->[com.onesignal:OneSignal:3.12.7] AndroidManifest.xml:40:22-89
49    <uses-permission android:name="com.huawei.android.launcher.permission.WRITE_SETTINGS" /> <!-- ZUK -->
49-->[com.onesignal:OneSignal:3.12.7] AndroidManifest.xml:41:5-93
49-->[com.onesignal:OneSignal:3.12.7] AndroidManifest.xml:41:22-90
50    <uses-permission android:name="android.permission.READ_APP_BADGE" /> <!-- OPPO -->
50-->[com.onesignal:OneSignal:3.12.7] AndroidManifest.xml:42:5-73
50-->[com.onesignal:OneSignal:3.12.7] AndroidManifest.xml:42:22-70
51    <uses-permission android:name="com.oppo.launcher.permission.READ_SETTINGS" />
51-->[com.onesignal:OneSignal:3.12.7] AndroidManifest.xml:43:5-82
51-->[com.onesignal:OneSignal:3.12.7] AndroidManifest.xml:43:22-79
52    <uses-permission android:name="com.oppo.launcher.permission.WRITE_SETTINGS" /> <!-- EvMe -->
52-->[com.onesignal:OneSignal:3.12.7] AndroidManifest.xml:44:5-83
52-->[com.onesignal:OneSignal:3.12.7] AndroidManifest.xml:44:22-80
53    <uses-permission android:name="me.everything.badger.permission.BADGE_COUNT_READ" />
53-->[com.onesignal:OneSignal:3.12.7] AndroidManifest.xml:45:5-88
53-->[com.onesignal:OneSignal:3.12.7] AndroidManifest.xml:45:22-85
54    <uses-permission android:name="me.everything.badger.permission.BADGE_COUNT_WRITE" />
54-->[com.onesignal:OneSignal:3.12.7] AndroidManifest.xml:46:5-89
54-->[com.onesignal:OneSignal:3.12.7] AndroidManifest.xml:46:22-86
55    <uses-permission android:name="android.permission.CAMERA" /> <!-- Don't require camera, as this requires a rear camera. This allows it to work on the Nexus 7 -->
55-->[com.velitasali.tools.android:zxing:3.6.3] AndroidManifest.xml:11:5-65
55-->[com.velitasali.tools.android:zxing:3.6.3] AndroidManifest.xml:11:22-62
56    <uses-feature
56-->[com.velitasali.tools.android:zxing:3.6.3] AndroidManifest.xml:14:5-16:36
57        android:name="android.hardware.camera"
57-->[com.velitasali.tools.android:zxing:3.6.3] AndroidManifest.xml:15:9-47
58        android:required="false" />
58-->[com.velitasali.tools.android:zxing:3.6.3] AndroidManifest.xml:16:9-33
59    <uses-feature
59-->[com.velitasali.tools.android:zxing:3.6.3] AndroidManifest.xml:17:5-19:36
60        android:name="android.hardware.camera.front"
60-->[com.velitasali.tools.android:zxing:3.6.3] AndroidManifest.xml:18:9-53
61        android:required="false" /> <!-- TODO replace above two with next line after Android 4.2 -->
61-->[com.velitasali.tools.android:zxing:3.6.3] AndroidManifest.xml:19:9-33
62    <!-- <uses-feature android:name="android.hardware.camera.any"/> -->
63    <uses-feature
63-->[com.velitasali.tools.android:zxing:3.6.3] AndroidManifest.xml:22:5-24:36
64        android:name="android.hardware.camera.autofocus"
64-->[com.velitasali.tools.android:zxing:3.6.3] AndroidManifest.xml:23:9-57
65        android:required="false" />
65-->[com.velitasali.tools.android:zxing:3.6.3] AndroidManifest.xml:24:9-33
66    <uses-feature
66-->[com.velitasali.tools.android:zxing:3.6.3] AndroidManifest.xml:25:5-27:36
67        android:name="android.hardware.camera.flash"
67-->[com.velitasali.tools.android:zxing:3.6.3] AndroidManifest.xml:26:9-53
68        android:required="false" />
68-->[com.velitasali.tools.android:zxing:3.6.3] AndroidManifest.xml:27:9-33
69    <uses-feature
69-->[com.velitasali.tools.android:zxing:3.6.3] AndroidManifest.xml:28:5-30:36
70        android:name="android.hardware.screen.landscape"
70-->[com.velitasali.tools.android:zxing:3.6.3] AndroidManifest.xml:29:9-57
71        android:required="false" />
71-->[com.velitasali.tools.android:zxing:3.6.3] AndroidManifest.xml:30:9-33
72    <uses-feature
72-->[com.velitasali.tools.android:zxing:3.6.3] AndroidManifest.xml:31:5-33:36
73        android:name="android.hardware.wifi"
73-->[com.velitasali.tools.android:zxing:3.6.3] AndroidManifest.xml:32:9-45
74        android:required="false" />
74-->[com.velitasali.tools.android:zxing:3.6.3] AndroidManifest.xml:33:9-33
75
76    <application
76-->src\main\AndroidManifest.xml:23:5-215:19
77        android:name="com.abc.sharefilesz.base.App"
77-->src\main\AndroidManifest.xml:24:9-52
78        android:allowBackup="true"
78-->src\main\AndroidManifest.xml:25:9-35
79        android:appComponentFactory="@string/app_name"
79-->src\main\AndroidManifest.xml:26:9-55
80        android:debuggable="true"
81        android:fullBackupContent="true"
81-->src\main\AndroidManifest.xml:27:9-41
82        android:icon="@mipmap/ic_launcher"
82-->src\main\AndroidManifest.xml:28:9-43
83        android:label="@string/app_name"
83-->src\main\AndroidManifest.xml:29:9-41
84        android:supportsRtl="true"
84-->src\main\AndroidManifest.xml:30:9-35
85        android:testOnly="true"
86        android:theme="@style/Theme.TBShare" >
86-->src\main\AndroidManifest.xml:31:9-45
87        <meta-data
87-->src\main\AndroidManifest.xml:35:9-37:69
88            android:name="com.google.android.gms.version"
88-->src\main\AndroidManifest.xml:36:13-58
89            android:value="@integer/google_play_services_version" />
89-->src\main\AndroidManifest.xml:37:13-66
90        <meta-data
90-->src\main\AndroidManifest.xml:38:9-40:52
91            android:name="com.google.android.gms.ads.APPLICATION_ID"
91-->src\main\AndroidManifest.xml:39:13-69
92            android:value="@string/admob_app_id" />
92-->src\main\AndroidManifest.xml:40:13-49
93
94        <activity
94-->src\main\AndroidManifest.xml:42:9-48:20
95            android:name="com.abc.sharefilesz.activity.MainActivity"
95-->src\main\AndroidManifest.xml:43:13-69
96            android:label="@string/app_name"
96-->src\main\AndroidManifest.xml:44:13-45
97            android:launchMode="singleTask"
97-->src\main\AndroidManifest.xml:45:13-44
98            android:theme="@style/Theme.TBShare.NoActionBar" >
98-->src\main\AndroidManifest.xml:46:13-61
99        </activity>
100        <activity
100-->src\main\AndroidManifest.xml:49:9-65:20
101            android:name="com.abc.sharefilesz.activity.ShareActivity"
101-->src\main\AndroidManifest.xml:50:13-70
102            android:label="@string/app_name"
102-->src\main\AndroidManifest.xml:51:13-45
103            android:theme="@style/Theme.TBShare.NoActionBar.StaticStatusBar" >
103-->src\main\AndroidManifest.xml:52:13-77
104            <intent-filter>
104-->src\main\AndroidManifest.xml:53:13-62:29
105                <action android:name="genonbeta.intent.action.TBShare_SEND_TEXT" />
105-->src\main\AndroidManifest.xml:54:17-84
105-->src\main\AndroidManifest.xml:54:25-81
106                <action android:name="android.intent.action.SEND" />
106-->src\main\AndroidManifest.xml:55:17-69
106-->src\main\AndroidManifest.xml:55:25-66
107                <action android:name="android.intent.action.SEND_MULTIPLE" />
107-->src\main\AndroidManifest.xml:56:17-78
107-->src\main\AndroidManifest.xml:56:25-75
108                <action android:name="genonbeta.intent.action.TBShare_SEND" />
108-->src\main\AndroidManifest.xml:57:17-79
108-->src\main\AndroidManifest.xml:57:25-76
109                <action android:name="genonbeta.intent.action.TBShare_SEND_MULTIPLE" />
109-->src\main\AndroidManifest.xml:58:17-88
109-->src\main\AndroidManifest.xml:58:25-85
110
111                <category android:name="android.intent.category.DEFAULT" />
111-->src\main\AndroidManifest.xml:60:17-76
111-->src\main\AndroidManifest.xml:60:27-73
112
113                <data android:mimeType="*/*" />
113-->src\main\AndroidManifest.xml:61:17-48
113-->src\main\AndroidManifest.xml:61:23-45
114            </intent-filter>
115        </activity>
116        <activity
116-->src\main\AndroidManifest.xml:67:9-70:80
117            android:name="com.abc.sharefilesz.activity.AddDevicesToTransferActivity"
117-->src\main\AndroidManifest.xml:68:13-85
118            android:label="@string/text_addDevicesToTransfer"
118-->src\main\AndroidManifest.xml:69:13-62
119            android:theme="@style/Theme.TBShare.NoActionBar.StaticStatusBar" />
119-->src\main\AndroidManifest.xml:70:13-77
120        <activity
120-->src\main\AndroidManifest.xml:72:9-75:80
121            android:name="com.abc.sharefilesz.activity.FileExplorerActivity"
121-->src\main\AndroidManifest.xml:73:13-77
122            android:label="@string/text_fileExplorer"
122-->src\main\AndroidManifest.xml:74:13-54
123            android:theme="@style/Theme.TBShare.NoActionBar.StaticStatusBar" />
123-->src\main\AndroidManifest.xml:75:13-77
124        <activity
124-->src\main\AndroidManifest.xml:77:9-80:80
125            android:name="com.abc.sharefilesz.activity.ConnectionManagerActivity"
125-->src\main\AndroidManifest.xml:78:13-82
126            android:label="@string/text_connectDevices"
126-->src\main\AndroidManifest.xml:79:13-56
127            android:theme="@style/Theme.TBShare.NoActionBar.StaticStatusBar" />
127-->src\main\AndroidManifest.xml:80:13-77
128        <activity
128-->src\main\AndroidManifest.xml:82:9-86:80
129            android:name="com.abc.sharefilesz.activity.ContentSharingActivity"
129-->src\main\AndroidManifest.xml:83:13-79
130            android:label="@string/text_send"
130-->src\main\AndroidManifest.xml:84:13-46
131            android:launchMode="singleTask"
131-->src\main\AndroidManifest.xml:85:13-44
132            android:theme="@style/Theme.TBShare.NoActionBar.StaticStatusBar" />
132-->src\main\AndroidManifest.xml:86:13-77
133        <activity
133-->src\main\AndroidManifest.xml:88:9-90:57
134            android:name="com.abc.sharefilesz.activity.FilePickerActivity"
134-->src\main\AndroidManifest.xml:89:13-75
135            android:label="@string/text_fileExplorer" />
135-->src\main\AndroidManifest.xml:90:13-54
136        <activity
136-->src\main\AndroidManifest.xml:92:9-110:20
137            android:name="com.abc.sharefilesz.activity.ViewTransferActivity"
137-->src\main\AndroidManifest.xml:93:13-77
138            android:label="@string/text_transactionViewer"
138-->src\main\AndroidManifest.xml:94:13-59
139            android:theme="@style/Theme.TBShare.NoActionBar.StaticStatusBar" >
139-->src\main\AndroidManifest.xml:95:13-77
140            <intent-filter>
140-->src\main\AndroidManifest.xml:96:13-109:29
141                <action android:name="android.intent.action.VIEW" />
141-->src\main\AndroidManifest.xml:97:17-69
141-->src\main\AndroidManifest.xml:97:25-66
142
143                <category android:name="android.intent.category.DEFAULT" />
143-->src\main\AndroidManifest.xml:60:17-76
143-->src\main\AndroidManifest.xml:60:27-73
144                <category android:name="android.intent.category.BROWSABLE" />
144-->src\main\AndroidManifest.xml:100:17-78
144-->src\main\AndroidManifest.xml:100:27-75
145
146                <data android:scheme="file" />
146-->src\main\AndroidManifest.xml:61:17-48
146-->src\main\AndroidManifest.xml:102:23-44
147                <data android:scheme="content" />
147-->src\main\AndroidManifest.xml:61:17-48
147-->src\main\AndroidManifest.xml:102:23-44
148                <data android:mimeType="*/*" />
148-->src\main\AndroidManifest.xml:61:17-48
148-->src\main\AndroidManifest.xml:61:23-45
149                <data android:host="*" />
149-->src\main\AndroidManifest.xml:61:17-48
149-->src\main\AndroidManifest.xml:106:23-39
150                <data android:pathPattern=".*\\.tshare" />
150-->src\main\AndroidManifest.xml:61:17-48
150-->src\main\AndroidManifest.xml:107:23-56
151                <data android:pathPattern=".*\\..*\\.tshare" />
151-->src\main\AndroidManifest.xml:61:17-48
151-->src\main\AndroidManifest.xml:107:23-56
152            </intent-filter>
153        </activity>
154        <activity
154-->src\main\AndroidManifest.xml:112:9-115:63
155            android:name="com.abc.sharefilesz.activity.ManageDevicesActivity"
155-->src\main\AndroidManifest.xml:113:13-78
156            android:label="@string/text_manageDevices"
156-->src\main\AndroidManifest.xml:114:13-55
157            android:theme="@style/Theme.TBShare.NoActionBar" />
157-->src\main\AndroidManifest.xml:115:13-61
158        <activity
158-->src\main\AndroidManifest.xml:117:9-119:51
159            android:name="com.abc.sharefilesz.activity.SearchActivity"
159-->src\main\AndroidManifest.xml:118:13-71
160            android:label="@string/butn_search" />
160-->src\main\AndroidManifest.xml:119:13-48
161        <activity
161-->src\main\AndroidManifest.xml:121:9-123:55
162            android:name="com.abc.sharefilesz.activity.TextEditorActivity"
162-->src\main\AndroidManifest.xml:122:13-75
163            android:label="@string/text_textEditor" />
163-->src\main\AndroidManifest.xml:123:13-52
164        <activity
164-->src\main\AndroidManifest.xml:125:9-132:20
165            android:name="com.abc.sharefilesz.activity.ChangeStoragePathActivity"
165-->src\main\AndroidManifest.xml:126:13-82
166            android:theme="@style/Base.Theme.AppCompat.Dialog" >
166-->src\main\AndroidManifest.xml:127:13-63
167            <intent-filter>
167-->src\main\AndroidManifest.xml:128:13-131:29
168                <action android:name="com.genonbeta.intent.action.UPDATE_STORAGE_PATH" />
168-->src\main\AndroidManifest.xml:129:17-90
168-->src\main\AndroidManifest.xml:129:25-87
169
170                <category android:name="android.intent.category.DEFAULT" />
170-->src\main\AndroidManifest.xml:60:17-76
170-->src\main\AndroidManifest.xml:60:27-73
171            </intent-filter>
172        </activity>
173        <activity
173-->src\main\AndroidManifest.xml:134:9-137:75
174            android:name="com.abc.sharefilesz.activity.BarcodeScannerActivity"
174-->src\main\AndroidManifest.xml:135:13-79
175            android:label="@string/text_scanQrCode"
175-->src\main\AndroidManifest.xml:136:13-52
176            android:theme="@style/Theme.TBShare.BarcodeScannerActivity" />
176-->src\main\AndroidManifest.xml:137:13-72
177        <activity
177-->src\main\AndroidManifest.xml:139:9-149:20
178            android:name="com.abc.sharefilesz.activity.SplashActivity"
178-->src\main\AndroidManifest.xml:140:13-71
179            android:label="@string/app_name"
179-->src\main\AndroidManifest.xml:141:13-45
180            android:theme="@style/Theme.TBShare.NoActionBar" >
180-->src\main\AndroidManifest.xml:142:13-61
181            <intent-filter>
181-->src\main\AndroidManifest.xml:144:13-147:29
182                <action android:name="android.intent.action.MAIN" />
182-->src\main\AndroidManifest.xml:145:17-69
182-->src\main\AndroidManifest.xml:145:25-66
183
184                <category android:name="android.intent.category.LAUNCHER" />
184-->src\main\AndroidManifest.xml:146:17-77
184-->src\main\AndroidManifest.xml:146:27-74
185            </intent-filter>
186        </activity>
187        <activity
187-->src\main\AndroidManifest.xml:150:9-152:63
188            android:name="com.abc.sharefilesz.activity.WebShareActivity"
188-->src\main\AndroidManifest.xml:150:19-60
189            android:label="Web Share"
189-->src\main\AndroidManifest.xml:151:13-38
190            android:theme="@style/Theme.TBShare.NoActionBar" />
190-->src\main\AndroidManifest.xml:152:13-61
191
192        <provider
193            android:name="androidx.core.content.FileProvider"
193-->src\main\AndroidManifest.xml:155:13-62
194            android:authorities="com.vivek.bharatshare.fileprovider"
194-->src\main\AndroidManifest.xml:156:13-64
195            android:exported="false"
195-->src\main\AndroidManifest.xml:157:13-37
196            android:grantUriPermissions="true" >
196-->src\main\AndroidManifest.xml:158:13-47
197            <meta-data
197-->src\main\AndroidManifest.xml:159:13-161:58
198                android:name="android.support.FILE_PROVIDER_PATHS"
198-->src\main\AndroidManifest.xml:160:17-67
199                android:resource="@xml/provider_paths" />
199-->src\main\AndroidManifest.xml:161:17-55
200        </provider>
201
202        <receiver
202-->src\main\AndroidManifest.xml:164:9-173:20
203            android:name="com.abc.sharefilesz.receiver.NetworkStatusReceiver"
203-->src\main\AndroidManifest.xml:165:13-78
204            android:process=":transfer" >
204-->src\main\AndroidManifest.xml:166:13-40
205            <intent-filter>
205-->src\main\AndroidManifest.xml:167:13-172:29
206                <action android:name="android.net.wifi.WIFI_STATE_CHANGED" />
206-->src\main\AndroidManifest.xml:168:17-78
206-->src\main\AndroidManifest.xml:168:25-75
207                <action android:name="android.net.wifi.WIFI_AP_STATE_CHANGED" />
207-->src\main\AndroidManifest.xml:169:17-81
207-->src\main\AndroidManifest.xml:169:25-78
208                <action android:name="android.net.wifi.STATE_CHANGE" />
208-->src\main\AndroidManifest.xml:170:17-72
208-->src\main\AndroidManifest.xml:170:25-69
209                <action android:name="android.net.wifi.p2p.CONNECTION_STATE_CHANGE" />
209-->src\main\AndroidManifest.xml:171:17-87
209-->src\main\AndroidManifest.xml:171:25-84
210            </intent-filter>
211        </receiver>
212        <receiver
212-->src\main\AndroidManifest.xml:174:9-176:43
213            android:name="com.abc.sharefilesz.receiver.DialogEventReceiver"
213-->src\main\AndroidManifest.xml:175:13-76
214            android:process=":transfer" />
214-->src\main\AndroidManifest.xml:176:13-40
215
216        <service
216-->src\main\AndroidManifest.xml:178:9-182:43
217            android:name="com.abc.sharefilesz.service.CommunicationService"
217-->src\main\AndroidManifest.xml:179:13-76
218            android:enabled="true"
218-->src\main\AndroidManifest.xml:180:13-35
219            android:label="@string/text_communicationService"
219-->src\main\AndroidManifest.xml:181:13-62
220            android:process=":transfer" />
220-->src\main\AndroidManifest.xml:182:13-40
221        <service
221-->src\main\AndroidManifest.xml:184:9-191:19
222            android:name="com.abc.sharefilesz.service.DeviceChooserService"
222-->src\main\AndroidManifest.xml:185:13-76
223            android:label="@string/text_chooserTargetService"
223-->src\main\AndroidManifest.xml:186:13-62
224            android:permission="android.permission.BIND_CHOOSER_TARGET_SERVICE" >
224-->src\main\AndroidManifest.xml:187:13-80
225            <intent-filter>
225-->src\main\AndroidManifest.xml:188:13-190:29
226                <action android:name="android.service.chooser.ChooserTargetService" />
226-->src\main\AndroidManifest.xml:189:17-87
226-->src\main\AndroidManifest.xml:189:25-84
227            </intent-filter>
228        </service>
229        <service android:name="com.abc.sharefilesz.service.DeviceScannerService" >
229-->src\main\AndroidManifest.xml:192:9-199:19
229-->src\main\AndroidManifest.xml:192:18-81
230            <intent-filter>
230-->src\main\AndroidManifest.xml:193:13-198:29
231                <action android:name="genonbeta.intent.action.SCAN_DEVICES" />
231-->src\main\AndroidManifest.xml:194:17-79
231-->src\main\AndroidManifest.xml:194:25-76
232                <action android:name="genonbeta.intent.action.ADD_IP" />
232-->src\main\AndroidManifest.xml:195:17-73
232-->src\main\AndroidManifest.xml:195:25-70
233
234                <category android:name="android.intent.category.DEFAULT" />
234-->src\main\AndroidManifest.xml:60:17-76
234-->src\main\AndroidManifest.xml:60:27-73
235            </intent-filter>
236        </service>
237        <service
237-->src\main\AndroidManifest.xml:201:9-203:58
238            android:name="com.abc.sharefilesz.service.WorkerService"
238-->src\main\AndroidManifest.xml:202:13-69
239            android:label="@string/text_workerService" />
239-->src\main\AndroidManifest.xml:203:13-55
240        <service
240-->src\main\AndroidManifest.xml:205:9-214:19
241            android:name="com.abc.sharefilesz.service.CommunicationToggleTile"
241-->src\main\AndroidManifest.xml:206:13-79
242            android:icon="@mipmap/ic_launcher"
242-->src\main\AndroidManifest.xml:207:13-47
243            android:label="@string/text_shareFiles"
243-->src\main\AndroidManifest.xml:208:13-52
244            android:permission="android.permission.BIND_QUICK_SETTINGS_TILE"
244-->src\main\AndroidManifest.xml:209:13-77
245            android:process=":transfer" >
245-->src\main\AndroidManifest.xml:210:13-40
246            <intent-filter>
246-->src\main\AndroidManifest.xml:211:13-213:29
247                <action android:name="android.service.quicksettings.action.QS_TILE" />
247-->src\main\AndroidManifest.xml:212:17-87
247-->src\main\AndroidManifest.xml:212:25-84
248            </intent-filter>
249        </service>
250
251        <meta-data
251-->[com.onesignal:OneSignal:3.12.7] AndroidManifest.xml:49:9-51:51
252            android:name="onesignal_app_id"
252-->[com.onesignal:OneSignal:3.12.7] AndroidManifest.xml:50:13-44
253            android:value="Your OneSignal ID" /> <!-- Deprecated - Pulled from OneSignal dashboard. -->
253-->[com.onesignal:OneSignal:3.12.7] AndroidManifest.xml:51:13-48
254        <meta-data
254-->[com.onesignal:OneSignal:3.12.7] AndroidManifest.xml:53:9-55:70
255            android:name="onesignal_google_project_number"
255-->[com.onesignal:OneSignal:3.12.7] AndroidManifest.xml:54:13-59
256            android:value="str:REMOTE" />
256-->[com.onesignal:OneSignal:3.12.7] AndroidManifest.xml:55:13-67
257
258        <receiver
258-->[com.onesignal:OneSignal:3.12.7] AndroidManifest.xml:57:9-67:20
259            android:name="com.onesignal.GcmBroadcastReceiver"
259-->[com.onesignal:OneSignal:3.12.7] AndroidManifest.xml:58:13-62
260            android:permission="com.google.android.c2dm.permission.SEND" >
260-->[com.onesignal:OneSignal:3.12.7] AndroidManifest.xml:59:13-73
261
262            <!-- High priority so OneSignal payloads can be filtered from other GCM receivers if filterOtherGCMReceivers is enabled. -->
263            <intent-filter android:priority="999" >
263-->[com.onesignal:OneSignal:3.12.7] AndroidManifest.xml:62:13-66:29
263-->[com.onesignal:OneSignal:3.12.7] AndroidManifest.xml:62:28-50
264                <action android:name="com.google.android.c2dm.intent.RECEIVE" />
264-->[com.onesignal:OneSignal:3.12.7] AndroidManifest.xml:63:17-81
264-->[com.onesignal:OneSignal:3.12.7] AndroidManifest.xml:63:25-78
265
266                <category android:name="com.vivek.bharatshare" />
266-->[com.onesignal:OneSignal:3.12.7] AndroidManifest.xml:65:17-61
266-->[com.onesignal:OneSignal:3.12.7] AndroidManifest.xml:65:27-58
267            </intent-filter>
268        </receiver>
269        <receiver android:name="com.onesignal.NotificationOpenedReceiver" />
269-->[com.onesignal:OneSignal:3.12.7] AndroidManifest.xml:68:9-77
269-->[com.onesignal:OneSignal:3.12.7] AndroidManifest.xml:68:19-74
270
271        <service android:name="com.onesignal.GcmIntentService" />
271-->[com.onesignal:OneSignal:3.12.7] AndroidManifest.xml:70:9-66
271-->[com.onesignal:OneSignal:3.12.7] AndroidManifest.xml:70:18-63
272        <service
272-->[com.onesignal:OneSignal:3.12.7] AndroidManifest.xml:71:9-73:72
273            android:name="com.onesignal.GcmIntentJobService"
273-->[com.onesignal:OneSignal:3.12.7] AndroidManifest.xml:72:13-61
274            android:permission="android.permission.BIND_JOB_SERVICE" />
274-->[com.onesignal:OneSignal:3.12.7] AndroidManifest.xml:73:13-69
275        <service
275-->[com.onesignal:OneSignal:3.12.7] AndroidManifest.xml:74:9-76:72
276            android:name="com.onesignal.RestoreJobService"
276-->[com.onesignal:OneSignal:3.12.7] AndroidManifest.xml:75:13-59
277            android:permission="android.permission.BIND_JOB_SERVICE" />
277-->[com.onesignal:OneSignal:3.12.7] AndroidManifest.xml:76:13-69
278        <service
278-->[com.onesignal:OneSignal:3.12.7] AndroidManifest.xml:77:9-79:72
279            android:name="com.onesignal.RestoreKickoffJobService"
279-->[com.onesignal:OneSignal:3.12.7] AndroidManifest.xml:78:13-66